2020-06-12 22:54:17.018 [TestNG-tests-1] INFO  resources.base - URL is retrieved - HomePage
2020-06-12 22:54:19.179 [TestNG-tests-1] INFO  resources.base - Window is maximized - HomePage
2020-06-12 22:54:32.326 [TestNG-tests-1] INFO  resources.base - Email is entered - HomePage
2020-06-12 22:54:32.394 [TestNG-tests-1] INFO  resources.base - password is entered - HomePage
2020-06-12 23:20:02.748 [main] INFO  resources.base - URL is retrieved - HomePage
2020-06-12 23:20:04.881 [main] INFO  resources.base - Window is maximized - HomePage
2020-06-12 23:20:17.858 [main] INFO  resources.base - Email is entered - HomePage
2020-06-12 23:20:17.953 [main] INFO  resources.base - password is entered - HomePage
2020-06-12 23:31:59.555 [main] INFO  resources.base - URL is retrieved - HomePage
2020-06-12 23:32:01.695 [main] INFO  resources.base - Window is maximized - HomePage
2020-06-12 23:32:14.349 [main] INFO  resources.base - Email is entered - HomePage
2020-06-12 23:32:14.623 [main] INFO  resources.base - password is entered - HomePage
2020-06-12 23:33:45.985 [main] INFO  resources.base - URL is retrieved - HomePage
2020-06-12 23:33:48.115 [main] INFO  resources.base - Window is maximized - HomePage
2020-06-12 23:34:01.376 [main] INFO  resources.base - Email is entered - HomePage
2020-06-12 23:34:01.449 [main] INFO  resources.base - password is entered - HomePage
2020-06-12 23:38:51.003 [main] INFO  resources.base - URL is retrieved - HomePage
2020-06-12 23:38:53.134 [main] INFO  resources.base - Window is maximized - HomePage
2020-06-12 23:39:06.088 [main] INFO  resources.base - Email is entered - HomePage
2020-06-12 23:39:06.159 [main] INFO  resources.base - password is entered - HomePage
2020-06-12 23:41:04.461 [main] INFO  resources.base - URL is retrieved - HomePage
2020-06-12 23:41:06.594 [main] INFO  resources.base - Window is maximized - HomePage
2020-06-12 23:41:19.688 [main] INFO  resources.base - Email is entered - HomePage
2020-06-12 23:41:19.752 [main] INFO  resources.base - password is entered - HomePage
2020-06-12 23:42:41.370 [main] INFO  resources.base - URL is retrieved - HomePage
2020-06-12 23:42:43.506 [main] INFO  resources.base - Window is maximized - HomePage
2020-06-12 23:42:56.169 [main] INFO  resources.base - Email is entered - HomePage
2020-06-12 23:42:56.436 [main] INFO  resources.base - password is entered - HomePage
2020-06-12 23:46:15.753 [main] INFO  resources.base - URL is retrieved - HomePage
2020-06-12 23:46:17.890 [main] INFO  resources.base - Window is maximized - HomePage
2020-06-12 23:46:30.847 [main] INFO  resources.base - Email is entered - HomePage
2020-06-12 23:46:30.972 [main] INFO  resources.base - password is entered - HomePage
2020-06-12 23:47:14.028 [main] INFO  resources.base - URL is retrieved - HomePage
2020-06-12 23:47:16.158 [main] INFO  resources.base - Window is maximized - HomePage
2020-06-12 23:47:29.289 [main] INFO  resources.base - Email is entered - HomePage
2020-06-12 23:47:29.362 [main] INFO  resources.base - password is entered - HomePage
2020-06-12 23:49:27.543 [main] INFO  resources.base - URL is retrieved - HomePage
2020-06-12 23:49:29.698 [main] INFO  resources.base - Window is maximized - HomePage
2020-06-12 23:49:42.695 [main] INFO  resources.base - Email is entered - HomePage
2020-06-12 23:49:42.760 [main] INFO  resources.base - password is entered - HomePage
2020-06-12 23:51:52.961 [main] INFO  resources.base - URL is retrieved - HomePage
2020-06-12 23:51:55.095 [main] INFO  resources.base - Window is maximized - HomePage
2020-06-12 23:52:08.160 [main] INFO  resources.base - Email is entered - HomePage
2020-06-12 23:52:08.227 [main] INFO  resources.base - password is entered - HomePage
2020-06-12 23:53:15.614 [main] INFO  resources.base - URL is retrieved - HomePage
2020-06-12 23:53:17.753 [main] INFO  resources.base - Window is maximized - HomePage
2020-06-12 23:53:30.779 [main] INFO  resources.base - Email is entered - HomePage
2020-06-12 23:53:30.867 [main] INFO  resources.base - password is entered - HomePage
2020-06-13 00:00:54.157 [main] INFO  resources.base - URL is retrieved - HomePage
2020-06-13 00:00:56.288 [main] INFO  resources.base - Window is maximized - HomePage
2020-06-13 00:01:09.270 [main] INFO  resources.base - Email is entered - HomePage
2020-06-13 00:01:09.367 [main] INFO  resources.base - password is entered - HomePage
2020-06-13 00:03:48.415 [main] INFO  resources.base - URL is retrieved - HomePage
2020-06-13 00:03:50.548 [main] INFO  resources.base - Window is maximized - HomePage
2020-06-13 00:04:03.717 [main] INFO  resources.base - Email is entered - HomePage
2020-06-13 00:04:03.788 [main] INFO  resources.base - password is entered - HomePage
2020-06-13 00:14:40.701 [main] INFO  resources.base - URL is retrieved - HomePage
2020-06-13 00:14:42.850 [main] INFO  resources.base - Window is maximized - HomePage
2020-06-13 00:14:55.963 [main] INFO  resources.base - Email is entered - HomePage
